<?xml version="1.0" encoding="UTF-8" ?>
<testsuite failures="0" time="0.159" errors="0" skipped="0" tests="4" name="uk.ac.ebi.ep.mm.UniprotSaxParserTest">
  <properties>
    <property name="java.runtime.name" value="Java(TM) SE Runtime Environment"/>
    <property name="sun.boot.library.path" value="/System/Library/Java/JavaVirtualMachines/1.6.0.jdk/Contents/Libraries"/>
    <property name="java.vm.version" value="20.1-b02-384"/>
    <property name="awt.nativeDoubleBuffering" value="true"/>
    <property name="gopherProxySet" value="false"/>
    <property name="mrj.build" value="10M3425"/>
    <property name="java.vm.vendor" value="Apple Inc."/>
    <property name="java.vendor.url" value="http://www.apple.com/"/>
    <property name="path.separator" value=":"/>
    <property name="java.vm.name" value="Java HotSpot(TM) 64-Bit Server VM"/>
    <property name="file.encoding.pkg" value="sun.io"/>
    <property name="user.country" value="US"/>
    <property name="sun.java.launcher" value="SUN_STANDARD"/>
    <property name="sun.os.patch.level" value="unknown"/>
    <property name="java.vm.specification.name" value="Java Virtual Machine Specification"/>
    <property name="user.dir" value="/Users/rafa/projects/ep/enzyme-portal/mega-mapper"/>
    <property name="java.runtime.version" value="1.6.0_26-b03-384-10M3425"/>
    <property name="java.awt.graphicsenv" value="apple.awt.CGraphicsEnvironment"/>
    <property name="basedir" value="/Users/rafa/projects/ep/enzyme-portal/mega-mapper"/>
    <property name="java.endorsed.dirs" value="/System/Library/Java/JavaVirtualMachines/1.6.0.jdk/Contents/Home/lib/endorsed"/>
    <property name="os.arch" value="x86_64"/>
    <property name="surefire.real.class.path" value="/Users/rafa/projects/ep/enzyme-portal/mega-mapper/target/surefire/surefirebooter6984570210144129551.jar"/>
    <property name="java.io.tmpdir" value="/var/folders/dP/dPBKQfyOGOCleIIO0OjCYE+++TI/-Tmp-/"/>
    <property name="line.separator" value="
"/>
    <property name="java.vm.specification.vendor" value="Sun Microsystems Inc."/>
    <property name="os.name" value="Mac OS X"/>
    <property name="sun.jnu.encoding" value="MacRoman"/>
    <property name="java.library.path" value=".:/Library/Java/Extensions:/System/Library/Java/Extensions:/usr/lib/java"/>
    <property name="surefire.test.class.path" value="/Users/rafa/projects/ep/enzyme-portal/mega-mapper/target/test-classes:/Users/rafa/projects/ep/enzyme-portal/mega-mapper/target/classes:/Users/rafa/.m2/repository/commons-cli/commons-cli/1.2/commons-cli-1.2.jar:/Users/rafa/.m2/repository/org/apache/lucene/lucene-core/3.0.2/lucene-core-3.0.2.jar:/Users/rafa/.m2/repository/log4j/log4j/1.2.16/log4j-1.2.16.jar:/Users/rafa/.m2/repository/junit/junit/4.8.2/junit-4.8.2.jar:"/>
    <property name="java.specification.name" value="Java Platform API Specification"/>
    <property name="java.class.version" value="50.0"/>
    <property name="sun.management.compiler" value="HotSpot 64-Bit Tiered Compilers"/>
    <property name="os.version" value="10.6.8"/>
    <property name="http.nonProxyHosts" value="local|*.local|169.254/16|*.169.254/16"/>
    <property name="user.home" value="/Users/rafa"/>
    <property name="user.timezone" value=""/>
    <property name="java.awt.printerjob" value="apple.awt.CPrinterJob"/>
    <property name="java.specification.version" value="1.6"/>
    <property name="file.encoding" value="MacRoman"/>
    <property name="user.name" value="rafa"/>
    <property name="java.class.path" value="/Users/rafa/projects/ep/enzyme-portal/mega-mapper/target/test-classes:/Users/rafa/projects/ep/enzyme-portal/mega-mapper/target/classes:/Users/rafa/.m2/repository/commons-cli/commons-cli/1.2/commons-cli-1.2.jar:/Users/rafa/.m2/repository/org/apache/lucene/lucene-core/3.0.2/lucene-core-3.0.2.jar:/Users/rafa/.m2/repository/log4j/log4j/1.2.16/log4j-1.2.16.jar:/Users/rafa/.m2/repository/junit/junit/4.8.2/junit-4.8.2.jar:"/>
    <property name="java.vm.specification.version" value="1.0"/>
    <property name="sun.arch.data.model" value="64"/>
    <property name="java.home" value="/System/Library/Java/JavaVirtualMachines/1.6.0.jdk/Contents/Home"/>
    <property name="sun.java.command" value="/Users/rafa/projects/ep/enzyme-portal/mega-mapper/target/surefire/surefirebooter6984570210144129551.jar /Users/rafa/projects/ep/enzyme-portal/mega-mapper/target/surefire/surefire8169989393301231857tmp /Users/rafa/projects/ep/enzyme-portal/mega-mapper/target/surefire/surefire5870682685942086152tmp"/>
    <property name="java.specification.vendor" value="Sun Microsystems Inc."/>
    <property name="user.language" value="en"/>
    <property name="awt.toolkit" value="apple.awt.CToolkit"/>
    <property name="java.vm.info" value="mixed mode"/>
    <property name="java.version" value="1.6.0_26"/>
    <property name="java.ext.dirs" value="/Library/Java/Extensions:/System/Library/Java/Extensions:/System/Library/Java/JavaVirtualMachines/1.6.0.jdk/Contents/Home/lib/ext"/>
    <property name="sun.boot.class.path" value="/System/Library/Java/JavaVirtualMachines/1.6.0.jdk/Contents/Classes/jsfd.jar:/System/Library/Java/JavaVirtualMachines/1.6.0.jdk/Contents/Classes/classes.jar:/System/Library/Frameworks/JavaVM.framework/Frameworks/JavaRuntimeSupport.framework/Resources/Java/JavaRuntimeSupport.jar:/System/Library/Java/JavaVirtualMachines/1.6.0.jdk/Contents/Classes/ui.jar:/System/Library/Java/JavaVirtualMachines/1.6.0.jdk/Contents/Classes/laf.jar:/System/Library/Java/JavaVirtualMachines/1.6.0.jdk/Contents/Classes/sunrsasign.jar:/System/Library/Java/JavaVirtualMachines/1.6.0.jdk/Contents/Classes/jsse.jar:/System/Library/Java/JavaVirtualMachines/1.6.0.jdk/Contents/Classes/jce.jar:/System/Library/Java/JavaVirtualMachines/1.6.0.jdk/Contents/Classes/charsets.jar"/>
    <property name="java.vendor" value="Apple Inc."/>
    <property name="localRepository" value="/Users/rafa/.m2/repository"/>
    <property name="file.separator" value="/"/>
    <property name="java.vendor.url.bug" value="http://bugreport.apple.com/"/>
    <property name="sun.cpu.endian" value="little"/>
    <property name="sun.io.unicode.encoding" value="UnicodeLittle"/>
    <property name="mrj.version" value="1060.1.6.0_26-384"/>
    <property name="socksNonProxyHosts" value="local|*.local|169.254/16|*.169.254/16"/>
    <property name="ftp.nonProxyHosts" value="local|*.local|169.254/16|*.169.254/16"/>
    <property name="sun.cpu.isalist" value=""/>
  </properties>
  <testcase time="0.094" classname="uk.ac.ebi.ep.mm.UniprotSaxParserTest" name="testCharacters"/>
  <testcase time="0.001" classname="uk.ac.ebi.ep.mm.UniprotSaxParserTest" name="testStartElement"/>
  <testcase time="0" classname="uk.ac.ebi.ep.mm.UniprotSaxParserTest" name="testEndElement"/>
  <testcase time="0" classname="uk.ac.ebi.ep.mm.UniprotSaxParserTest" name="testListToString"/>
</testsuite>